<?xml version="1.0" encoding="UTF-8"?>
<!-- Generated by org.testng.reporters.JUnitXMLReporter -->
<testsuite hostname="A801LSL" ignored="0" name="Command line test" tests="1" failures="0" timestamp="2020-04-21T10:58:47 CEST" time="0.037" errors="0">
  <testcase name="@BeforeMethod setUp" time="0.01" classname="tests.Tests">
    <failure type="java.lang.NullPointerException">
      <![CDATA[java.lang.NullPointerException
at tests.Tests.setUp(Tests.java:25)
at java.util.ArrayList.forEach(ArrayList.java:1257)
... Removed 40 stack frames]]>
    </failure>
  </testcase> <!-- @BeforeMethod setUp -->
  <testcase name="@AfterMethod teardown" time="-1.587459527587E9" classname="tests.Tests">
    <skipped/>
  </testcase> <!-- @AfterMethod teardown -->
  <testcase name="sendMail" time="0.0" classname="tests.Tests">
    <skipped/>
  </testcase> <!-- sendMail -->
</testsuite> <!-- Command line test -->
